#
# There is insufficient memory for the Java Runtime Environment to continue.
# Native memory allocation (malloc) failed to allocate 450736 bytes for Chunk::new
# Possible reasons:
#   The system is out of physical RAM or swap space
#   The process is running with CompressedOops enabled, and the Java Heap may be blocking the growth of the native heap
# Possible solutions:
#   Reduce memory load on the system
#   Increase physical memory or swap space
#   Check if swap backing store is full
#   Decrease Java heap size (-Xmx/-Xms)
#   Decrease number of Java threads
#   Decrease Java thread stack sizes (-Xss)
#   Set larger code cache with -XX:ReservedCodeCacheSize=
#   JVM is running with Zero Based Compressed Oops mode in which the Java heap is
#     placed in the first 32GB address space. The Java Heap base address is the
#     maximum limit for the native heap growth. Please use -XX:HeapBaseMinAddress
#     to set the Java Heap base and to place the Java Heap above 32GB virtual address.
# This output file may be truncated or incomplete.
#
#  Out of Memory Error (arena.cpp:195), pid=17520, tid=21448
#
# JRE version: OpenJDK Runtime Environment (16.0+36) (build 16+36-2231)
# Java VM: OpenJDK 64-Bit Server VM (16+36-2231, mixed mode, sharing, tiered, compressed oops, g1 gc, windows-amd64)
# No core dump will be written. Minidumps are not enabled by default on client versions of Windows
#

---------------  S U M M A R Y ------------

Command Line: -Dmaven.multiModuleProjectDirectory=D:\ITHS\IntelliJ Projects\Lab1 -Dmaven.home=C:\Program Files\JetBrains\IntelliJ IDEA 2020.3.2\plugins\maven\lib\maven3 -Dclassworlds.conf=C:\Program Files\JetBrains\IntelliJ IDEA 2020.3.2\plugins\maven\lib\maven3\bin\m2.conf -Dmaven.ext.class.path=C:\Program Files\JetBrains\IntelliJ IDEA 2020.3.2\plugins\maven\lib\maven-event-listener.jar -javaagent:C:\Program Files\JetBrains\IntelliJ IDEA 2020.3.2\lib\idea_rt.jar=57525:C:\Program Files\JetBrains\IntelliJ IDEA 2020.3.2\bin -Dfile.encoding=UTF-8 org.codehaus.classworlds.Launcher -Didea.version=2021.1.1 clean

Host: Intel(R) Core(TM) i7-3630QM CPU @ 2.40GHz, 8 cores, 15G,  Windows 10 , 64 bit Build 19041 (10.0.19041.928)
Time: Mon May 31 18:20:54 2021 W. Europe Summer Time elapsed time: 4.444358 seconds (0d 0h 0m 4s)

---------------  T H R E A D  ---------------

Current thread (0x000001c8d2bffb80):  JavaThread "C2 CompilerThread0" daemon [_thread_in_native, id=21448, stack(0x0000000183700000,0x0000000183800000)]


Current CompileTask:
C2:   4444 2337       4       org.codehaus.plexus.util.xml.pull.MXParser::parseStartTag (1195 bytes)

Stack: [0x0000000183700000,0x0000000183800000]
Native frames: (J=compiled Java code, j=interpreted, Vv=VM code, C=native code)
V  [jvm.dll+0x6681da]
V  [jvm.dll+0x7c9d99]
V  [jvm.dll+0x7cb4d3]
V  [jvm.dll+0x7cbb33]
V  [jvm.dll+0x242ee5]
V  [jvm.dll+0xadeca]
V  [jvm.dll+0xae5ac]
V  [jvm.dll+0x35a8f2]
V  [jvm.dll+0x1b9d2a]
V  [jvm.dll+0x216056]
V  [jvm.dll+0x215340]
V  [jvm.dll+0x1a1d8b]
V  [jvm.dll+0x225398]
V  [jvm.dll+0x2233dc]
V  [jvm.dll+0x77f9e2]
V  [jvm.dll+0x77952a]
V  [jvm.dll+0x667076]
C  [ucrtbase.dll+0x21bb2]
C  [KERNEL32.DLL+0x17034]
C  [ntdll.dll+0x52651]


---------------  P R O C E S S  ---------------

Threads class SMR info:
_java_thread_list=0x000001c8d4e02d40, length=14, elements={
0x000001c8ae05b6e0, 0x000001c8d2beafc0, 0x000001c8d2bec620, 0x000001c8d2bfa8e0,
0x000001c8d2bfd200, 0x000001c8d2bfe3a0, 0x000001c8d2bfeda0, 0x000001c8d2bffb80,
0x000001c8d2c059f0, 0x000001c8d2c1a820, 0x000001c8d38c4780, 0x000001c8d3980c30,
0x000001c8d3981150, 0x000001c8d5011440
}

Java Threads: ( => current thread )
  0x000001c8ae05b6e0 JavaThread "main" [_thread_in_Java, id=8180, stack(0x0000000182a00000,0x0000000182b00000)]
  0x000001c8d2beafc0 JavaThread "Reference Handler" daemon [_thread_blocked, id=20096, stack(0x0000000183100000,0x0000000183200000)]
  0x000001c8d2bec620 JavaThread "Finalizer" daemon [_thread_blocked, id=3012, stack(0x0000000183200000,0x0000000183300000)]
  0x000001c8d2bfa8e0 JavaThread "Signal Dispatcher" daemon [_thread_blocked, id=5212, stack(0x0000000183300000,0x0000000183400000)]
  0x000001c8d2bfd200 JavaThread "Attach Listener" daemon [_thread_blocked, id=18148, stack(0x0000000183400000,0x0000000183500000)]
  0x000001c8d2bfe3a0 JavaThread "Service Thread" daemon [_thread_blocked, id=24984, stack(0x0000000183500000,0x0000000183600000)]
  0x000001c8d2bfeda0 JavaThread "Monitor Deflation Thread" daemon [_thread_blocked, id=23196, stack(0x0000000183600000,0x0000000183700000)]
=>0x000001c8d2bffb80 JavaThread "C2 CompilerThread0" daemon [_thread_in_native, id=21448, stack(0x0000000183700000,0x0000000183800000)]
  0x000001c8d2c059f0 JavaThread "C1 CompilerThread0" daemon [_thread_in_native, id=21916, stack(0x0000000183800000,0x0000000183900000)]
  0x000001c8d2c1a820 JavaThread "Sweeper thread" daemon [_thread_blocked, id=7444, stack(0x0000000183900000,0x0000000183a00000)]
  0x000001c8d38c4780 JavaThread "Common-Cleaner" daemon [_thread_blocked, id=9064, stack(0x0000000183a00000,0x0000000183b00000)]
  0x000001c8d3980c30 JavaThread "Monitor Ctrl-Break" daemon [_thread_in_native, id=18524, stack(0x0000000183b00000,0x0000000183c00000)]
  0x000001c8d3981150 JavaThread "Notification Thread" daemon [_thread_blocked, id=776, stack(0x0000000183c00000,0x0000000183d00000)]
  0x000001c8d5011440 JavaThread "C2 CompilerThread1" daemon [_thread_in_native, id=11648, stack(0x0000000183e00000,0x0000000183f00000)]

Other Threads:
  0x000001c8d2be37c0 VMThread "VM Thread" [stack: 0x0000000183000000,0x0000000183100000] [id=15884]
  0x000001c8ae05c6e0 WatcherThread [stack: 0x0000000183d00000,0x0000000183e00000] [id=21664]
  0x000001c8ae0ad890 GCTaskThread "GC Thread#0" [stack: 0x0000000182b00000,0x0000000182c00000] [id=14240]
  0x000001c8d426cfc0 GCTaskThread "GC Thread#1" [stack: 0x0000000184000000,0x0000000184100000] [id=25296]
  0x000001c8d426d2d0 GCTaskThread "GC Thread#2" [stack: 0x0000000184100000,0x0000000184200000] [id=23988]
  0x000001c8d426d5e0 GCTaskThread "GC Thread#3" [stack: 0x0000000184200000,0x0000000184300000] [id=13624]
  0x000001c8d426d8f0 GCTaskThread "GC Thread#4" [stack: 0x0000000184300000,0x0000000184400000] [id=23452]
  0x000001c8d431dee0 GCTaskThread "GC Thread#5" [stack: 0x0000000184400000,0x0000000184500000] [id=9340]
  0x000001c8d4271ed0 GCTaskThread "GC Thread#6" [stack: 0x0000000184500000,0x0000000184600000] [id=17744]
  0x000001c8d431ea70 GCTaskThread "GC Thread#7" [stack: 0x0000000184600000,0x0000000184700000] [id=6596]
  0x000001c8ae0be710 ConcurrentGCThread "G1 Main Marker" [stack: 0x0000000182c00000,0x0000000182d00000] [id=14104]
  0x000001c8ae0bf920 ConcurrentGCThread "G1 Conc#0" [stack: 0x0000000182d00000,0x0000000182e00000] [id=3812]
  0x000001c8ae133920 ConcurrentGCThread "G1 Refine#0" [stack: 0x0000000182e00000,0x0000000182f00000] [id=25124]
  0x000001c8ae1343a0 ConcurrentGCThread "G1 Service" [stack: 0x0000000182f00000,0x0000000183000000] [id=5112]

Threads with active compile tasks:
C2 CompilerThread0     4483 2337       4       org.codehaus.plexus.util.xml.pull.MXParser::parseStartTag (1195 bytes)
C1 CompilerThread0     4483 2407       3       org.apache.maven.model.merge.ModelMerger$SourceDominant::<init> (10 bytes)
C2 CompilerThread1     4483 2353       4       org.codehaus.plexus.util.xml.pull.MXParser::nextImpl (1202 bytes)

VM state: not at safepoint (normal execution)

VM Mutex/Monitor currently owned by a thread: None

Heap address: 0x0000000701c00000, size: 4068 MB, Compressed Oops mode: Zero based, Oop shift amount: 3
CDS archive(s) mapped at: [0x0000000800000000-0x0000000800bb0000-0x0000000800bb0000), size 12255232, SharedBaseAddress: 0x0000000800000000, ArchiveRelocationMode: 0.
Compressed class space mapped at: 0x0000000800c00000-0x0000000840c00000, reserved size: 1073741824
Narrow klass base: 0x0000000800000000, Narrow klass shift: 3, Narrow klass range: 0x100000000

GC Precious Log:
 CPUs: 8 total, 8 available
 Memory: 16269M
 Large Page Support: Disabled
 NUMA Support: Disabled
 Compressed Oops: Enabled (Zero based)
 Heap Region Size: 2M
 Heap Min Capacity: 8M
 Heap Initial Capacity: 256M
 Heap Max Capacity: 4068M
 Pre-touch: Disabled
 Parallel Workers: 8
 Concurrent Workers: 2
 Concurrent Refinement Workers: 8
 Periodic GC: Disabled

Heap:
 garbage-first heap   total 262144K, used 26060K [0x0000000701c00000, 0x0000000800000000)
  region size 2048K, 12 young (24576K), 1 survivors (2048K)
 Metaspace       used 13212K, committed 13376K, reserved 1064960K
  class space    used 1507K, committed 1600K, reserved 1048576K

Heap Regions: E=young(eden), S=young(survivor), O=old, HS=humongous(starts), HC=humongous(continues), CS=collection set, F=free, OA=open archive, CA=closed archive, TAMS=top-at-mark-start (previous, next)
|   0|0x0000000701c00000, 0x0000000701e00000, 0x0000000701e00000|100%| O|  |TAMS 0x0000000701c00000, 0x0000000701c00000| Untracked 
|   1|0x0000000701e00000, 0x0000000701fce200, 0x0000000702000000| 90%| O|  |TAMS 0x0000000701e00000, 0x0000000701e00000| Untracked 
|   2|0x0000000702000000, 0x0000000702000000, 0x0000000702200000|  0%| F|  |TAMS 0x0000000702000000, 0x0000000702000000| Untracked 
|   3|0x0000000702200000, 0x0000000702200000, 0x0000000702400000|  0%| F|  |TAMS 0x0000000702200000, 0x0000000702200000| Untracked 
|   4|0x0000000702400000, 0x0000000702400000, 0x0000000702600000|  0%| F|  |TAMS 0x0000000702400000, 0x0000000702400000| Untracked 
|   5|0x0000000702600000, 0x0000000702600000, 0x0000000702800000|  0%| F|  |TAMS 0x0000000702600000, 0x0000000702600000| Untracked 
|   6|0x0000000702800000, 0x0000000702800000, 0x0000000702a00000|  0%| F|  |TAMS 0x0000000702800000, 0x0000000702800000| Untracked 
|   7|0x0000000702a00000, 0x0000000702a00000, 0x0000000702c00000|  0%| F|  |TAMS 0x0000000702a00000, 0x0000000702a00000| Untracked 
|   8|0x0000000702c00000, 0x0000000702c00000, 0x0000000702e00000|  0%| F|  |TAMS 0x0000000702c00000, 0x0000000702c00000| Untracked 
|   9|0x0000000702e00000, 0x0000000702e00000, 0x0000000703000000|  0%| F|  |TAMS 0x0000000702e00000, 0x0000000702e00000| Untracked 
|  10|0x0000000703000000, 0x0000000703000000, 0x0000000703200000|  0%| F|  |TAMS 0x0000000703000000, 0x0000000703000000| Untracked 
|  11|0x0000000703200000, 0x0000000703200000, 0x0000000703400000|  0%| F|  |TAMS 0x0000000703200000, 0x0000000703200000| Untracked 
|  12|0x0000000703400000, 0x0000000703400000, 0x0000000703600000|  0%| F|  |TAMS 0x0000000703400000, 0x0000000703400000| Untracked 
|  13|0x0000000703600000, 0x0000000703600000, 0x0000000703800000|  0%| F|  |TAMS 0x0000000703600000, 0x0000000703600000| Untracked 
|  14|0x0000000703800000, 0x0000000703800000, 0x0000000703a00000|  0%| F|  |TAMS 0x0000000703800000, 0x0000000703800000| Untracked 
|  15|0x0000000703a00000, 0x0000000703a00000, 0x0000000703c00000|  0%| F|  |TAMS 0x0000000703a00000, 0x0000000703a00000| Untracked 
|  16|0x0000000703c00000, 0x0000000703c00000, 0x0000000703e00000|  0%| F|  |TAMS 0x0000000703c00000, 0x0000000703c00000| Untracked 
|  17|0x0000000703e00000, 0x0000000703e00000, 0x0000000704000000|  0%| F|  |TAMS 0x0000000703e00000, 0x0000000703e00000| Untracked 
|  18|0x0000000704000000, 0x0000000704000000, 0x0000000704200000|  0%| F|  |TAMS 0x0000000704000000, 0x0000000704000000| Untracked 
|  19|0x0000000704200000, 0x0000000704200000, 0x0000000704400000|  0%| F|  |TAMS 0x0000000704200000, 0x0000000704200000| Untracked 
|  20|0x0000000704400000, 0x0000000704400000, 0x0000000704600000|  0%| F|  |TAMS 0x0000000704400000, 0x0000000704400000| Untracked 
|  21|0x0000000704600000, 0x0000000704600000, 0x0000000704800000|  0%| F|  |TAMS 0x0000000704600000, 0x0000000704600000| Untracked 
|  22|0x0000000704800000, 0x0000000704800000, 0x0000000704a00000|  0%| F|  |TAMS 0x0000000704800000, 0x0000000704800000| Untracked 
|  23|0x0000000704a00000, 0x0000000704a00000, 0x0000000704c00000|  0%| F|  |TAMS 0x0000000704a00000, 0x0000000704a00000| Untracked 
|  24|0x0000000704c00000, 0x0000000704c00000, 0x0000000704e00000|  0%| F|  |TAMS 0x0000000704c00000, 0x0000000704c00000| Untracked 
|  25|0x0000000704e00000, 0x0000000704e00000, 0x0000000705000000|  0%| F|  |TAMS 0x0000000704e00000, 0x0000000704e00000| Untracked 
|  26|0x0000000705000000, 0x0000000705000000, 0x0000000705200000|  0%| F|  |TAMS 0x0000000705000000, 0x0000000705000000| Untracked 
|  27|0x0000000705200000, 0x0000000705200000, 0x0000000705400000|  0%| F|  |TAMS 0x0000000705200000, 0x0000000705200000| Untracked 
|  28|0x0000000705400000, 0x0000000705400000, 0x0000000705600000|  0%| F|  |TAMS 0x0000000705400000, 0x0000000705400000| Untracked 
|  29|0x0000000705600000, 0x0000000705600000, 0x0000000705800000|  0%| F|  |TAMS 0x0000000705600000, 0x0000000705600000| Untracked 
|  30|0x0000000705800000, 0x0000000705800000, 0x0000000705a00000|  0%| F|  |TAMS 0x0000000705800000, 0x0000000705800000| Untracked 
|  31|0x0000000705a00000, 0x0000000705a00000, 0x0000000705c00000|  0%| F|  |TAMS 0x0000000705a00000, 0x0000000705a00000| Untracked 
|  32|0x0000000705c00000, 0x0000000705c00000, 0x0000000705e00000|  0%| F|  |TAMS 0x0000000705c00000, 0x0000000705c00000| Untracked 
|  33|0x0000000705e00000, 0x0000000705e00000, 0x0000000706000000|  0%| F|  |TAMS 0x0000000705e00000, 0x0000000705e00000| Untracked 
|  34|0x0000000706000000, 0x0000000706000000, 0x0000000706200000|  0%| F|  |TAMS 0x0000000706000000, 0x0000000706000000| Untracked 
|  35|0x0000000706200000, 0x0000000706200000, 0x0000000706400000|  0%| F|  |TAMS 0x0000000706200000, 0x0000000706200000| Untracked 
|  36|0x0000000706400000, 0x0000000706400000, 0x0000000706600000|  0%| F|  |TAMS 0x0000000706400000, 0x0000000706400000| Untracked 
|  37|0x0000000706600000, 0x0000000706600000, 0x0000000706800000|  0%| F|  |TAMS 0x0000000706600000, 0x0000000706600000| Untracked 
|  38|0x0000000706800000, 0x0000000706800000, 0x0000000706a00000|  0%| F|  |TAMS 0x0000000706800000, 0x0000000706800000| Untracked 
|  39|0x0000000706a00000, 0x0000000706a00000, 0x0000000706c00000|  0%| F|  |TAMS 0x0000000706a00000, 0x0000000706a00000| Untracked 
|  40|0x0000000706c00000, 0x0000000706c00000, 0x0000000706e00000|  0%| F|  |TAMS 0x0000000706c00000, 0x0000000706c00000| Untracked 
|  41|0x0000000706e00000, 0x0000000706e00000, 0x0000000707000000|  0%| F|  |TAMS 0x0000000706e00000, 0x0000000706e00000| Untracked 
|  42|0x0000000707000000, 0x0000000707000000, 0x0000000707200000|  0%| F|  |TAMS 0x0000000707000000, 0x0000000707000000| Untracked 
|  43|0x0000000707200000, 0x0000000707200000, 0x0000000707400000|  0%| F|  |TAMS 0x0000000707200000, 0x0000000707200000| Untracked 
|  44|0x0000000707400000, 0x0000000707400000, 0x0000000707600000|  0%| F|  |TAMS 0x0000000707400000, 0x0000000707400000| Untracked 
|  45|0x0000000707600000, 0x0000000707600000, 0x0000000707800000|  0%| F|  |TAMS 0x0000000707600000, 0x0000000707600000| Untracked 
|  46|0x0000000707800000, 0x0000000707800000, 0x0000000707a00000|  0%| F|  |TAMS 0x0000000707800000, 0x0000000707800000| Untracked 
|  47|0x0000000707a00000, 0x0000000707a00000, 0x0000000707c00000|  0%| F|  |TAMS 0x0000000707a00000, 0x0000000707a00000| Untracked 
|  48|0x0000000707c00000, 0x0000000707c00000, 0x0000000707e00000|  0%| F|  |TAMS 0x0000000707c00000, 0x0000000707c00000| Untracked 
|  49|0x0000000707e00000, 0x0000000707e00000, 0x0000000708000000|  0%| F|  |TAMS 0x0000000707e00000, 0x0000000707e00000| Untracked 
|  50|0x0000000708000000, 0x0000000708000000, 0x0000000708200000|  0%| F|  |TAMS 0x0000000708000000, 0x0000000708000000| Untracked 
|  51|0x0000000708200000, 0x0000000708200000, 0x0000000708400000|  0%| F|  |TAMS 0x0000000708200000, 0x0000000708200000| Untracked 
|  52|0x0000000708400000, 0x0000000708400000, 0x0000000708600000|  0%| F|  |TAMS 0x0000000708400000, 0x0000000708400000| Untracked 
|  53|0x0000000708600000, 0x0000000708600000, 0x0000000708800000|  0%| F|  |TAMS 0x0000000708600000, 0x0000000708600000| Untracked 
|  54|0x0000000708800000, 0x0000000708800000, 0x0000000708a00000|  0%| F|  |TAMS 0x0000000708800000, 0x0000000708800000| Untracked 
|  55|0x0000000708a00000, 0x0000000708a00000, 0x0000000708c00000|  0%| F|  |TAMS 0x0000000708a00000, 0x0000000708a00000| Untracked 
|  56|0x0000000708c00000, 0x0000000708c00000, 0x0000000708e00000|  0%| F|  |TAMS 0x0000000708c00000, 0x0000000708c00000| Untracked 
|  57|0x0000000708e00000, 0x0000000708e00000, 0x0000000709000000|  0%| F|  |TAMS 0x0000000708e00000, 0x0000000708e00000| Untracked 
|  58|0x0000000709000000, 0x0000000709000000, 0x0000000709200000|  0%| F|  |TAMS 0x0000000709000000, 0x0000000709000000| Untracked 
|  59|0x0000000709200000, 0x0000000709200000, 0x0000000709400000|  0%| F|  |TAMS 0x0000000709200000, 0x0000000709200000| Untracked 
|  60|0x0000000709400000, 0x0000000709400000, 0x0000000709600000|  0%| F|  |TAMS 0x0000000709400000, 0x0000000709400000| Untracked 
|  61|0x0000000709600000, 0x0000000709600000, 0x0000000709800000|  0%| F|  |TAMS 0x0000000709600000, 0x0000000709600000| Untracked 
|  62|0x0000000709800000, 0x0000000709800000, 0x0000000709a00000|  0%| F|  |TAMS 0x0000000709800000, 0x0000000709800000| Untracked 
|  63|0x0000000709a00000, 0x0000000709a00000, 0x0000000709c00000|  0%| F|  |TAMS 0x0000000709a00000, 0x0000000709a00000| Untracked 
|  64|0x0000000709c00000, 0x0000000709c00000, 0x0000000709e00000|  0%| F|  |TAMS 0x0000000709c00000, 0x0000000709c00000| Untracked 
|  65|0x0000000709e00000, 0x0000000709e00000, 0x000000070a000000|  0%| F|  |TAMS 0x0000000709e00000, 0x0000000709e00000| Untracked 
|  66|0x000000070a000000, 0x000000070a000000, 0x000000070a200000|  0%| F|  |TAMS 0x000000070a000000, 0x000000070a000000| Untracked 
|  67|0x000000070a200000, 0x000000070a200000, 0x000000070a400000|  0%| F|  |TAMS 0x000000070a200000, 0x000000070a200000| Untracked 
|  68|0x000000070a400000, 0x000000070a400000, 0x000000070a600000|  0%| F|  |TAMS 0x000000070a400000, 0x000000070a400000| Untracked 
|  69|0x000000070a600000, 0x000000070a600000, 0x000000070a800000|  0%| F|  |TAMS 0x000000070a600000, 0x000000070a600000| Untracked 
|  70|0x000000070a800000, 0x000000070a800000, 0x000000070aa00000|  0%| F|  |TAMS 0x000000070a800000, 0x000000070a800000| Untracked 
|  71|0x000000070aa00000, 0x000000070aa00000, 0x000000070ac00000|  0%| F|  |TAMS 0x000000070aa00000, 0x000000070aa00000| Untracked 
|  72|0x000000070ac00000, 0x000000070ac00000, 0x000000070ae00000|  0%| F|  |TAMS 0x000000070ac00000, 0x000000070ac00000| Untracked 
|  73|0x000000070ae00000, 0x000000070ae00000, 0x000000070b000000|  0%| F|  |TAMS 0x000000070ae00000, 0x000000070ae00000| Untracked 
|  74|0x000000070b000000, 0x000000070b000000, 0x000000070b200000|  0%| F|  |TAMS 0x000000070b000000, 0x000000070b000000| Untracked 
|  75|0x000000070b200000, 0x000000070b200000, 0x000000070b400000|  0%| F|  |TAMS 0x000000070b200000, 0x000000070b200000| Untracked 
|  76|0x000000070b400000, 0x000000070b400000, 0x000000070b600000|  0%| F|  |TAMS 0x000000070b400000, 0x000000070b400000| Untracked 
|  77|0x000000070b600000, 0x000000070b600000, 0x000000070b800000|  0%| F|  |TAMS 0x000000070b600000, 0x000000070b600000| Untracked 
|  78|0x000000070b800000, 0x000000070b800000, 0x000000070ba00000|  0%| F|  |TAMS 0x000000070b800000, 0x000000070b800000| Untracked 
|  79|0x000000070ba00000, 0x000000070ba00000, 0x000000070bc00000|  0%| F|  |TAMS 0x000000070ba00000, 0x000000070ba00000| Untracked 
|  80|0x000000070bc00000, 0x000000070bc00000, 0x000000070be00000|  0%| F|  |TAMS 0x000000070bc00000, 0x000000070bc00000| Untracked 
|  81|0x000000070be00000, 0x000000070be00000, 0x000000070c000000|  0%| F|  |TAMS 0x000000070be00000, 0x000000070be00000| Untracked 
|  82|0x000000070c000000, 0x000000070c000000, 0x000000070c200000|  0%| F|  |TAMS 0x000000070c000000, 0x000000070c000000| Untracked 
|  83|0x000000070c200000, 0x000000070c200000, 0x000000070c400000|  0%| F|  |TAMS 0x000000070c200000, 0x000000070c200000| Untracked 
|  84|0x000000070c400000, 0x000000070c400000, 0x000000070c600000|  0%| F|  |TAMS 0x000000070c400000, 0x000000070c400000| Untracked 
|  85|0x000000070c600000, 0x000000070c600000, 0x000000070c800000|  0%| F|  |TAMS 0x000000070c600000, 0x000000070c600000| Untracked 
|  86|0x000000070c800000, 0x000000070c800000, 0x000000070ca00000|  0%| F|  |TAMS 0x000000070c800000, 0x000000070c800000| Untracked 
|  87|0x000000070ca00000, 0x000000070ca00000, 0x000000070cc00000|  0%| F|  |TAMS 0x000000070ca00000, 0x000000070ca00000| Untracked 
|  88|0x000000070cc00000, 0x000000070cc00000, 0x000000070ce00000|  0%| F|  |TAMS 0x000000070cc00000, 0x000000070cc00000| Untracked 
|  89|0x000000070ce00000, 0x000000070ce00000, 0x000000070d000000|  0%| F|  |TAMS 0x000000070ce00000, 0x000000070ce00000| Untracked 
|  90|0x000000070d000000, 0x000000070d000000, 0x000000070d200000|  0%| F|  |TAMS 0x000000070d000000, 0x000000070d000000| Untracked 
|  91|0x000000070d200000, 0x000000070d200000, 0x000000070d400000|  0%| F|  |TAMS 0x000000070d200000, 0x000000070d200000| Untracked 
|  92|0x000000070d400000, 0x000000070d400000, 0x000000070d600000|  0%| F|  |TAMS 0x000000070d400000, 0x000000070d400000| Untracked 
|  93|0x000000070d600000, 0x000000070d600000, 0x000000070d800000|  0%| F|  |TAMS 0x000000070d600000, 0x000000070d600000| Untracked 
|  94|0x000000070d800000, 0x000000070d800000, 0x000000070da00000|  0%| F|  |TAMS 0x000000070d800000, 0x000000070d800000| Untracked 
|  95|0x000000070da00000, 0x000000070da00000, 0x000000070dc00000|  0%| F|  |TAMS 0x000000070da00000, 0x000000070da00000| Untracked 
|  96|0x000000070dc00000, 0x000000070dc00000, 0x000000070de00000|  0%| F|  |TAMS 0x000000070dc00000, 0x000000070dc00000| Untracked 
|  97|0x000000070de00000, 0x000000070de00000, 0x000000070e000000|  0%| F|  |TAMS 0x000000070de00000, 0x000000070de00000| Untracked 
|  98|0x000000070e000000, 0x000000070e000000, 0x000000070e200000|  0%| F|  |TAMS 0x000000070e000000, 0x000000070e000000| Untracked 
|  99|0x000000070e200000, 0x000000070e200000, 0x000000070e400000|  0%| F|  |TAMS 0x000000070e200000, 0x000000070e200000| Untracked 
| 100|0x000000070e400000, 0x000000070e400000, 0x000000070e600000|  0%| F|  |TAMS 0x000000070e400000, 0x000000070e400000| Untracked 
| 101|0x000000070e600000, 0x000000070e600000, 0x000000070e800000|  0%| F|  |TAMS 0x000000070e600000, 0x000000070e600000| Untracked 
| 102|0x000000070e800000, 0x000000070e800000, 0x000000070ea00000|  0%| F|  |TAMS 0x000000070e800000, 0x000000070e800000| Untracked 
| 103|0x000000070ea00000, 0x000000070ea00000, 0x000000070ec00000|  0%| F|  |TAMS 0x000000070ea00000, 0x000000070ea00000| Untracked 
| 104|0x000000070ec00000, 0x000000070ec00000, 0x000000070ee00000|  0%| F|  |TAMS 0x000000070ec00000, 0x000000070ec00000| Untracked 
| 105|0x000000070ee00000, 0x000000070ee00000, 0x000000070f000000|  0%| F|  |TAMS 0x000000070ee00000, 0x000000070ee00000| Untracked 
| 106|0x000000070f000000, 0x000000070f000000, 0x000000070f200000|  0%| F|  |TAMS 0x000000070f000000, 0x000000070f000000| Untracked 
| 107|0x000000070f200000, 0x000000070f200000, 0x000000070f400000|  0%| F|  |TAMS 0x000000070f200000, 0x000000070f200000| Untracked 
| 108|0x000000070f400000, 0x000000070f400000, 0x000000070f600000|  0%| F|  |TAMS 0x000000070f400000, 0x000000070f400000| Untracked 
| 109|0x000000070f600000, 0x000000070f600000, 0x000000070f800000|  0%| F|  |TAMS 0x000000070f600000, 0x000000070f600000| Untracked 
| 110|0x000000070f800000, 0x000000070f800000, 0x000000070fa00000|  0%| F|  |TAMS 0x000000070f800000, 0x000000070f800000| Untracked 
| 111|0x000000070fa00000, 0x000000070fba4f60, 0x000000070fc00000| 82%| S|CS|TAMS 0x000000070fa00000, 0x000000070fa00000| Complete 
| 112|0x000000070fc00000, 0x000000070fc00000, 0x000000070fe00000|  0%| F|  |TAMS 0x000000070fc00000, 0x000000070fc00000| Untracked 
| 113|0x000000070fe00000, 0x000000070fe00000, 0x0000000710000000|  0%| F|  |TAMS 0x000000070fe00000, 0x000000070fe00000| Untracked 
| 114|0x0000000710000000, 0x0000000710000000, 0x0000000710200000|  0%| F|  |TAMS 0x0000000710000000, 0x0000000710000000| Untracked 
| 115|0x0000000710200000, 0x0000000710200000, 0x0000000710400000|  0%| F|  |TAMS 0x0000000710200000, 0x0000000710200000| Untracked 
| 116|0x0000000710400000, 0x0000000710400000, 0x0000000710600000|  0%| F|  |TAMS 0x0000000710400000, 0x0000000710400000| Untracked 
| 117|0x0000000710600000, 0x0000000710700800, 0x0000000710800000| 50%| E|  |TAMS 0x0000000710600000, 0x0000000710600000| Complete 
| 118|0x0000000710800000, 0x0000000710a00000, 0x0000000710a00000|100%| E|CS|TAMS 0x0000000710800000, 0x0000000710800000| Complete 
| 119|0x0000000710a00000, 0x0000000710c00000, 0x0000000710c00000|100%| E|CS|TAMS 0x0000000710a00000, 0x0000000710a00000| Complete 
| 120|0x0000000710c00000, 0x0000000710e00000, 0x0000000710e00000|100%| E|CS|TAMS 0x0000000710c00000, 0x0000000710c00000| Complete 
| 121|0x0000000710e00000, 0x0000000711000000, 0x0000000711000000|100%| E|CS|TAMS 0x0000000710e00000, 0x0000000710e00000| Complete 
| 122|0x0000000711000000, 0x0000000711200000, 0x0000000711200000|100%| E|CS|TAMS 0x0000000711000000, 0x0000000711000000| Complete 
| 123|0x0000000711200000, 0x0000000711400000, 0x0000000711400000|100%| E|CS|TAMS 0x0000000711200000, 0x0000000711200000| Complete 
| 124|0x0000000711400000, 0x0000000711600000, 0x0000000711600000|100%| E|CS|TAMS 0x0000000711400000, 0x0000000711400000| Complete 
| 125|0x0000000711600000, 0x0000000711800000, 0x0000000711800000|100%| E|CS|TAMS 0x0000000711600000, 0x0000000711600000| Complete 
| 126|0x0000000711800000, 0x0000000711a00000, 0x0000000711a00000|100%| E|CS|TAMS 0x0000000711800000, 0x0000000711800000| Complete 
| 127|0x0000000711a00000, 0x0000000711c00000, 0x0000000711c00000|100%| E|CS|TAMS 0x0000000711a00000, 0x0000000711a00000| Complete 

Card table byte_map: [0x000001c8c7210000,0x000001c8c7a10000] _byte_map_base: 0x000001c8c3a02000

Marking Bits (Prev, Next): (CMBitMap*) 0x000001c8ae0adf00, (CMBitMap*) 0x000001c8ae0adf40
 Prev Bits: [0x000001c8c8210000, 0x000001c8cc1a0000)
 Next Bits: [0x000001c8cc1a0000, 0x000001c8d0130000)

Polling page: 0x000001c8ae140000

Metaspace:

Usage:
  Non-class:     11.45 MB used.
      Class:      1.47 MB used.
       Both:     12.92 MB used.

Virtual space:
  Non-class space:       16.00 MB reserved,      11.50 MB ( 72%) committed,  2 nodes.
      Class space:        1.00 GB reserved,       1.56 MB ( <1%) committed,  1 nodes.
              Both:        1.02 GB reserved,      13.06 MB (  1%) committed. 

Chunk freelists:
   Non-Class:  3.83 MB
       Class:  2.41 MB
        Both:  6.23 MB

MaxMetaspaceSize: 17179869184.00 GB
CompressedClassSpaceSize: 1.00 GB
 - commit_granule_bytes: 65536.
 - commit_granule_words: 8192.
 - virtual_space_node_default_size: 1048576.
 - enlarge_chunks_in_place: 1.
 - new_chunks_are_fully_committed: 0.
 - uncommit_free_chunks: 1.
 - use_allocation_guard: 0.
 - handle_deallocations: 1.


Internal statistics:

num_allocs_failed_limit: 0.
num_arena_births: 70.
num_arena_deaths: 0.
num_vsnodes_births: 3.
num_vsnodes_deaths: 0.
num_space_committed: 209.
num_space_uncommitted: 0.
num_chunks_returned_to_freelist: 0.
num_chunks_taken_from_freelist: 491.
num_chunk_merges: 0.
num_chunk_splits: 347.
num_chunks_enlarged: 281.
num_purges: 0.

CodeHeap 'non-profiled nmethods': size=120000Kb used=1033Kb max_used=1033Kb free=118966Kb
 bounds [0x000001c8bea70000, 0x000001c8bece0000, 0x000001c8c5fa0000]
CodeHeap 'profiled nmethods': size=120000Kb used=4734Kb max_used=4734Kb free=115265Kb
 bounds [0x000001c8b7540000, 0x000001c8b79e0000, 0x000001c8bea70000]
CodeHeap 'non-nmethods': size=5760Kb used=1206Kb max_used=1225Kb free=4553Kb
 bounds [0x000001c8b6fa0000, 0x000001c8b7210000, 0x000001c8b7540000]
 total_blobs=2906 nmethods=2407 adapters=411
 compilation: enabled
              stopped_count=0, restarted_count=0
 full_count=0

Compilation events (20 events):
Event: 4.428 Thread 0x000001c8d2c059f0 2379       1       org.apache.maven.model.Plugin::getExtensions (5 bytes)
Event: 4.428 Thread 0x000001c8d2c059f0 nmethod 2379 0x000001c8beb70c10 code [0x000001c8beb70da0, 0x000001c8beb70e78]
Event: 4.428 Thread 0x000001c8d2c059f0 2374       3       org.eclipse.sisu.inject.LocatedBeans$Itr::next (32 bytes)
Event: 4.429 Thread 0x000001c8d2c059f0 nmethod 2374 0x000001c8b79cdf90 code [0x000001c8b79ce160, 0x000001c8b79ce3f8]
Event: 4.429 Thread 0x000001c8d2c059f0 2380       1       org.apache.maven.model.Plugin::setDependencies (6 bytes)
Event: 4.429 Thread 0x000001c8d2c059f0 nmethod 2380 0x000001c8beb70f10 code [0x000001c8beb710a0, 0x000001c8beb711b8]
Event: 4.429 Thread 0x000001c8d2c059f0 2381       3       org.apache.maven.model.ConfigurationContainer::getLocation (147 bytes)
Event: 4.430 Thread 0x000001c8d2c059f0 nmethod 2381 0x000001c8b79ce510 code [0x000001c8b79ce780, 0x000001c8b79cf418]
Event: 4.430 Thread 0x000001c8d2c059f0 2383       3       org.apache.maven.model.Plugin::getDependencies (23 bytes)
Event: 4.430 Thread 0x000001c8d2c059f0 nmethod 2383 0x000001c8b79cf610 code [0x000001c8b79cf7e0, 0x000001c8b79cfbf8]
Event: 4.430 Thread 0x000001c8d2c059f0 2382       3       java.util.ArrayList::<init> (63 bytes)
Event: 4.431 Thread 0x000001c8d2c059f0 nmethod 2382 0x000001c8b79cfd10 code [0x000001c8b79cff20, 0x000001c8b79d04d8]
Event: 4.431 Thread 0x000001c8d2c059f0 2384  s    1       java.util.Vector::size (5 bytes)
Event: 4.431 Thread 0x000001c8d2c059f0 nmethod 2384 0x000001c8beb71210 code [0x000001c8beb713a0, 0x000001c8beb71518]
Event: 4.431 Thread 0x000001c8d2c059f0 2385       3       java.lang.reflect.AccessibleObject::checkAccess (40 bytes)
Event: 4.432 Thread 0x000001c8d2c059f0 nmethod 2385 0x000001c8b79d0690 code [0x000001c8b79d0860, 0x000001c8b79d0bb8]
Event: 4.432 Thread 0x000001c8d2c059f0 2386       3       org.apache.maven.model.merge.MavenModelMerger::getPluginKey (5 bytes)
Event: 4.433 Thread 0x000001c8d2c059f0 nmethod 2386 0x000001c8b79d0d10 code [0x000001c8b79d0f20, 0x000001c8b79d14e8]
Event: 4.433 Thread 0x000001c8d2c059f0 2387       3       org.apache.maven.model.validation.DefaultModelValidator::isValidIdCharacter (60 bytes)
Event: 4.433 Thread 0x000001c8d2c059f0 nmethod 2387 0x000001c8b79d1790 code [0x000001c8b79d1940, 0x000001c8b79d1c78]

GC Heap History (4 events):
Event: 1.494 GC heap before
{Heap before GC invocations=0 (full 0):
 garbage-first heap   total 262144K, used 22528K [0x0000000701c00000, 0x0000000800000000)
  region size 2048K, 11 young (22528K), 0 survivors (0K)
 Metaspace       used 5871K, committed 6016K, reserved 1056768K
  class space    used 643K, committed 704K, reserved 1048576K
}
Event: 1.503 GC heap after
{Heap after GC invocations=1 (full 0):
 garbage-first heap   total 262144K, used 4057K [0x0000000701c00000, 0x0000000800000000)
  region size 2048K, 2 young (4096K), 2 survivors (4096K)
 Metaspace       used 5871K, committed 6016K, reserved 1056768K
  class space    used 643K, committed 704K, reserved 1048576K
}
Event: 2.692 GC heap before
{Heap before GC invocations=1 (full 0):
 garbage-first heap   total 262144K, used 32729K [0x0000000701c00000, 0x0000000800000000)
  region size 2048K, 16 young (32768K), 2 survivors (4096K)
 Metaspace       used 9862K, committed 10112K, reserved 1064960K
  class space    used 1148K, committed 1280K, reserved 1048576K
}
Event: 2.697 GC heap after
{Heap after GC invocations=2 (full 0):
 garbage-first heap   total 262144K, used 5580K [0x0000000701c00000, 0x0000000800000000)
  region size 2048K, 1 young (2048K), 1 survivors (2048K)
 Metaspace       used 9862K, committed 10112K, reserved 1064960K
  class space    used 1148K, committed 1280K, reserved 1048576K
}

Deoptimization events (20 events):
Event: 4.274 Thread 0x000001c8ae05b6e0 Uncommon trap: trap_request=0xffffff45 fr.pc=0x000001c8beabbce8 relative=0x00000000000001a8
Event: 4.274 Thread 0x000001c8ae05b6e0 Uncommon trap: reason=unstable_if action=reinterpret pc=0x000001c8beabbce8 method=java.util.StringTokenizer.skipDelimiters(I)I @ 64 c2
Event: 4.274 Thread 0x000001c8ae05b6e0 DEOPT PACKING pc=0x000001c8beabbce8 sp=0x0000000182afdfb0
Event: 4.274 Thread 0x000001c8ae05b6e0 DEOPT UNPACKING pc=0x000001c8b6fed72e sp=0x0000000182afdf50 mode 2
Event: 4.277 Thread 0x000001c8ae05b6e0 Uncommon trap: trap_request=0xffffffde fr.pc=0x000001c8beb2c7f8 relative=0x00000000000018f8
Event: 4.277 Thread 0x000001c8ae05b6e0 Uncommon trap: reason=class_check action=maybe_recompile pc=0x000001c8beb2c7f8 method=java.util.HashMap.putVal(ILjava/lang/Object;Ljava/lang/Object;ZZ)Ljava/lang/Object; @ 203 c2
Event: 4.277 Thread 0x000001c8ae05b6e0 DEOPT PACKING pc=0x000001c8beb2c7f8 sp=0x0000000182afbff0
Event: 4.277 Thread 0x000001c8ae05b6e0 DEOPT UNPACKING pc=0x000001c8b6fed72e sp=0x0000000182afbeb8 mode 2
Event: 4.342 Thread 0x000001c8ae05b6e0 Uncommon trap: trap_request=0xffffff45 fr.pc=0x000001c8beaddba0 relative=0x0000000000000300
Event: 4.342 Thread 0x000001c8ae05b6e0 Uncommon trap: reason=unstable_if action=reinterpret pc=0x000001c8beaddba0 method=java.lang.String.<init>([CIILjava/lang/Void;)V @ 5 c2
Event: 4.342 Thread 0x000001c8ae05b6e0 DEOPT PACKING pc=0x000001c8beaddba0 sp=0x0000000182afd840
Event: 4.342 Thread 0x000001c8ae05b6e0 DEOPT UNPACKING pc=0x000001c8b6fed72e sp=0x0000000182afd800 mode 2
Event: 4.404 Thread 0x000001c8ae05b6e0 Uncommon trap: trap_request=0xffffff45 fr.pc=0x000001c8bea95c14 relative=0x0000000000000174
Event: 4.404 Thread 0x000001c8ae05b6e0 Uncommon trap: reason=unstable_if action=reinterpret pc=0x000001c8bea95c14 method=java.lang.StringCoding.hasNegatives([BII)Z @ 12 c2
Event: 4.404 Thread 0x000001c8ae05b6e0 DEOPT PACKING pc=0x000001c8bea95c14 sp=0x0000000182afd5f0
Event: 4.404 Thread 0x000001c8ae05b6e0 DEOPT UNPACKING pc=0x000001c8b6fed72e sp=0x0000000182afd580 mode 2
Event: 4.405 Thread 0x000001c8ae05b6e0 Uncommon trap: trap_request=0xffffff45 fr.pc=0x000001c8beac6244 relative=0x00000000000003e4
Event: 4.405 Thread 0x000001c8ae05b6e0 Uncommon trap: reason=unstable_if action=reinterpret pc=0x000001c8beac6244 method=sun.nio.cs.UTF_8$Decoder.decodeArrayLoop(Ljava/nio/ByteBuffer;Ljava/nio/CharBuffer;)Ljava/nio/charset/CoderResult; @ 84 c2
Event: 4.405 Thread 0x000001c8ae05b6e0 DEOPT PACKING pc=0x000001c8beac6244 sp=0x0000000182afd440
Event: 4.405 Thread 0x000001c8ae05b6e0 DEOPT UNPACKING pc=0x000001c8b6fed72e sp=0x0000000182afd380 mode 2

Classes unloaded (0 events):
No events

Classes redefined (0 events):
No events

Internal exceptions (11 events):
Event: 0.207 Thread 0x000001c8d3980c30 Exception <a 'java/lang/NoSuchMethodError'{0x000000071187a8e0}: 'java.lang.Object java.lang.invoke.DirectMethodHandle$Holder.invokeStatic(java.lang.Object)'> (0x000000071187a8e0) 
thrown [t:\workspace\open\src\hotspot\share\interpreter\linkResolver.cpp, line 790]
Event: 0.208 Thread 0x000001c8d3980c30 Exception <a 'java/lang/NoSuchMethodError'{0x000000071187e1f0}: 'java.lang.Object java.lang.invoke.DirectMethodHandle$Holder.invokeStaticInit(java.lang.Object)'> (0x000000071187e1f0) 
thrown [t:\workspace\open\src\hotspot\share\interpreter\linkResolver.cpp, line 790]
Event: 0.221 Thread 0x000001c8d3980c30 Exception <a 'java/lang/NoSuchMethodError'{0x000000071188bee0}: 'void java.lang.invoke.DirectMethodHandle$Holder.invokeStatic(java.lang.Object, java.lang.Object)'> (0x000000071188bee0) 
thrown [t:\workspace\open\src\hotspot\share\interpreter\linkResolver.cpp, line 790]
Event: 0.462 Thread 0x000001c8ae05b6e0 Exception <a 'java/lang/NoSuchMethodError'{0x0000000711793720}: 'java.lang.Object java.lang.invoke.DirectMethodHandle$Holder.invokeStaticInit(java.lang.Object, int, int, int, int)'> (0x0000000711793720) 
thrown [t:\workspace\open\src\hotspot\share\interpreter\linkResolver.cpp, line 790]
Event: 0.554 Thread 0x000001c8ae05b6e0 Exception <a 'java/lang/NoSuchMethodError'{0x000000071140d718}: 'java.lang.Object java.lang.invoke.DirectMethodHandle$Holder.invokeStaticInit(java.lang.Object, java.lang.Object, int, int, int, int)'> (0x000000071140d718) 
thrown [t:\workspace\open\src\hotspot\share\interpreter\linkResolver.cpp, line 790]
Event: 1.048 Thread 0x000001c8ae05b6e0 Exception <a 'java/lang/NoSuchMethodError'{0x00000007111f0730}: 'void java.lang.invoke.DirectMethodHandle$Holder.invokeSpecial(java.lang.Object, java.lang.Object, java.lang.Object)'> (0x00000007111f0730) 
thrown [t:\workspace\open\src\hotspot\share\interpreter\linkResolver.cpp, line 790]
Event: 1.333 Thread 0x000001c8ae05b6e0 Exception <a 'java/lang/NoSuchMethodError'{0x0000000710bc77b8}: 'java.lang.Object java.lang.invoke.DirectMethodHandle$Holder.newInvokeSpecial(java.lang.Object, java.lang.Object, java.lang.Object, java.lang.Object, java.lang.Object)'> (0x0000000710bc77b8) 
thrown [t:\workspace\open\src\hotspot\share\interpreter\linkResolver.cpp, line 790]
Event: 2.966 Thread 0x000001c8ae05b6e0 Exception <a 'java/lang/NoClassDefFoundError'{0x00000007114fdac8}: com/google/inject/servlet/ServletModuleTargetVisitor> (0x00000007114fdac8) 
thrown [t:\workspace\open\src\hotspot\share\classfile\systemDictionary.cpp, line 245]
Event: 2.967 Thread 0x000001c8ae05b6e0 Exception <a 'java/lang/NoClassDefFoundError'{0x00000007114ff5f0}: javax/annotation/Priority> (0x00000007114ff5f0) 
thrown [t:\workspace\open\src\hotspot\share\classfile\systemDictionary.cpp, line 245]
Event: 4.236 Thread 0x000001c8ae05b6e0 Implicit null exception at 0x000001c8bea992f2 to 0x000001c8bea99820
Event: 4.236 Thread 0x000001c8ae05b6e0 Implicit null exception at 0x000001c8beaa9472 to 0x000001c8beaa99b4

Events (20 events):
Event: 4.340 loading class sun/nio/ch/FileDispatcherImpl
Event: 4.340 loading class sun/nio/ch/FileDispatcher
Event: 4.340 loading class sun/nio/ch/FileDispatcher done
Event: 4.340 loading class sun/nio/ch/FileDispatcherImpl done
Event: 4.340 loading class sun/nio/ch/FileLockImpl
Event: 4.341 loading class java/nio/channels/FileLock
Event: 4.341 loading class java/nio/channels/FileLock done
Event: 4.341 loading class sun/nio/ch/FileLockImpl done
Event: 4.341 loading class sun/nio/ch/FileLockTable
Event: 4.341 loading class sun/nio/ch/FileLockTable done
Event: 4.341 loading class sun/nio/ch/FileKey
Event: 4.341 loading class sun/nio/ch/FileKey done
Event: 4.342 loading class sun/nio/ch/FileLockTable$FileLockReference
Event: 4.342 loading class sun/nio/ch/FileLockTable$FileLockReference done
Event: 4.342 loading class java/nio/channels/spi/AbstractInterruptibleChannel$1
Event: 4.342 loading class sun/nio/ch/Interruptible
Event: 4.342 loading class sun/nio/ch/Interruptible done
Event: 4.342 loading class java/nio/channels/spi/AbstractInterruptibleChannel$1 done
Event: 4.420 Executing  VM operation: ICBufferFull
Event: 4.420 Executing  VM operation: ICBufferFull done


Dynamic libraries:
0x00007ff6dd5e0000 - 0x00007ff6dd5ee000 	C:\Users\farru\.jdks\openjdk-16\bin\java.exe
0x00007ffac5450000 - 0x00007ffac5645000 	C:\WINDOWS\SYSTEM32\ntdll.dll
0x00007ffac45d0000 - 0x00007ffac468d000 	C:\WINDOWS\System32\KERNEL32.DLL
0x00007ffac31e0000 - 0x00007ffac34a8000 	C:\WINDOWS\System32\KERNELBASE.dll
0x00007ffac2e00000 - 0x00007ffac2f00000 	C:\WINDOWS\System32\ucrtbase.dll
0x00007ffabbc80000 - 0x00007ffabbc99000 	C:\Users\farru\.jdks\openjdk-16\bin\VCRUNTIME140.dll
0x00007ffabbc60000 - 0x00007ffabbc78000 	C:\Users\farru\.jdks\openjdk-16\bin\jli.dll
0x00007ffac4160000 - 0x00007ffac4300000 	C:\WINDOWS\System32\USER32.dll
0x00007ffac2fb0000 - 0x00007ffac2fd2000 	C:\WINDOWS\System32\win32u.dll
0x00007ffab07e0000 - 0x00007ffab0a7a000 	C:\WINDOWS\WinSxS\amd64_microsoft.windows.common-controls_6595b64144ccf1df_6.0.19041.844_none_ca00b6081b84eb1d\COMCTL32.dll
0x00007ffac46f0000 - 0x00007ffac471a000 	C:\WINDOWS\System32\GDI32.dll
0x00007ffac4300000 - 0x00007ffac439e000 	C:\WINDOWS\System32\msvcrt.dll
0x00007ffac30d0000 - 0x00007ffac31db000 	C:\WINDOWS\System32\gdi32full.dll
0x00007ffac3030000 - 0x00007ffac30cd000 	C:\WINDOWS\System32\msvcp_win.dll
0x00007ffac3a40000 - 0x00007ffac3a70000 	C:\WINDOWS\System32\IMM32.DLL
0x00007ffabccb0000 - 0x00007ffabccbc000 	C:\Users\farru\.jdks\openjdk-16\bin\vcruntime140_1.dll
0x00007ffa85ed0000 - 0x00007ffa85f61000 	C:\Users\farru\.jdks\openjdk-16\bin\msvcp140.dll
0x00007ffa71ce0000 - 0x00007ffa7288b000 	C:\Users\farru\.jdks\openjdk-16\bin\server\jvm.dll
0x00007ffac3930000 - 0x00007ffac39dc000 	C:\WINDOWS\System32\ADVAPI32.dll
0x00007ffac3b90000 - 0x00007ffac3c2b000 	C:\WINDOWS\System32\sechost.dll
0x00007ffac3eb0000 - 0x00007ffac3fdb000 	C:\WINDOWS\System32\RPCRT4.dll
0x00007ffac4bb0000 - 0x00007ffac4bb8000 	C:\WINDOWS\System32\PSAPI.DLL
0x00007ffabc350000 - 0x00007ffabc359000 	C:\WINDOWS\SYSTEM32\WSOCK32.dll
0x00007ffab37b0000 - 0x00007ffab37d7000 	C:\WINDOWS\SYSTEM32\WINMM.dll
0x00007ffab6dc0000 - 0x00007ffab6dca000 	C:\WINDOWS\SYSTEM32\VERSION.dll
0x00007ffac3e40000 - 0x00007ffac3eab000 	C:\WINDOWS\System32\WS2_32.dll
0x00007ffac0aa0000 - 0x00007ffac0ab2000 	C:\WINDOWS\SYSTEM32\kernel.appcore.dll
0x00007ffabbc50000 - 0x00007ffabbc5a000 	C:\Users\farru\.jdks\openjdk-16\bin\jimage.dll
0x00007ffabc0c0000 - 0x00007ffabc2a4000 	C:\WINDOWS\SYSTEM32\DBGHELP.DLL
0x00007ffabbad0000 - 0x00007ffabbafc000 	C:\WINDOWS\SYSTEM32\dbgcore.DLL
0x00007ffac2cf0000 - 0x00007ffac2d70000 	C:\WINDOWS\System32\bcryptPrimitives.dll
0x00007ffabbc40000 - 0x00007ffabbc4e000 	C:\Users\farru\.jdks\openjdk-16\bin\instrument.dll
0x00007ffabbc10000 - 0x00007ffabbc35000 	C:\Users\farru\.jdks\openjdk-16\bin\java.dll
0x00007ffac4cc0000 - 0x00007ffac5402000 	C:\WINDOWS\System32\SHELL32.dll
0x00007ffac0ca0000 - 0x00007ffac1430000 	C:\WINDOWS\SYSTEM32\windows.storage.dll
0x00007ffac4850000 - 0x00007ffac4ba5000 	C:\WINDOWS\System32\combase.dll
0x00007ffac2460000 - 0x00007ffac248c000 	C:\WINDOWS\SYSTEM32\Wldp.dll
0x00007ffac4520000 - 0x00007ffac45ce000 	C:\WINDOWS\System32\SHCORE.dll
0x00007ffac4690000 - 0x00007ffac46e5000 	C:\WINDOWS\System32\shlwapi.dll
0x00007ffac2ad0000 - 0x00007ffac2aef000 	C:\WINDOWS\SYSTEM32\profapi.dll
0x00007ffabbbf0000 - 0x00007ffabbc08000 	C:\Users\farru\.jdks\openjdk-16\bin\zip.dll
0x00007ffab9a50000 - 0x00007ffab9a69000 	C:\Users\farru\.jdks\openjdk-16\bin\net.dll
0x00007ffaba970000 - 0x00007ffabaa7b000 	C:\WINDOWS\SYSTEM32\WINHTTP.dll
0x00007ffac2240000 - 0x00007ffac22aa000 	C:\WINDOWS\system32\mswsock.dll
0x00007ffa9fed0000 - 0x00007ffa9fee3000 	C:\Users\farru\.jdks\openjdk-16\bin\nio.dll
0x00007ffa9f750000 - 0x00007ffa9f76a000 	C:\Program Files\JetBrains\IntelliJ IDEA 2020.3.2\bin\breakgen64.dll
0x00007ffabbbe0000 - 0x00007ffabbbf0000 	C:\Users\farru\.jdks\openjdk-16\bin\verify.dll
0x00007ffac24a0000 - 0x00007ffac24b8000 	C:\WINDOWS\SYSTEM32\CRYPTSP.dll
0x00007ffac1c00000 - 0x00007ffac1c34000 	C:\WINDOWS\system32\rsaenh.dll
0x00007ffac2dd0000 - 0x00007ffac2df7000 	C:\WINDOWS\System32\bcrypt.dll
0x00007ffac2a90000 - 0x00007ffac2abe000 	C:\WINDOWS\SYSTEM32\USERENV.dll
0x00007ffac23c0000 - 0x00007ffac23cc000 	C:\WINDOWS\SYSTEM32\CRYPTBASE.dll
0x00007ffac1f50000 - 0x00007ffac1f8b000 	C:\WINDOWS\SYSTEM32\IPHLPAPI.DLL
0x00007ffac3920000 - 0x00007ffac3928000 	C:\WINDOWS\System32\NSI.dll
0x00007ffaba950000 - 0x00007ffaba967000 	C:\WINDOWS\SYSTEM32\dhcpcsvc6.DLL
0x00007ffaba6e0000 - 0x00007ffaba6fd000 	C:\WINDOWS\SYSTEM32\dhcpcsvc.DLL
0x00007ffac1f90000 - 0x00007ffac205c000 	C:\WINDOWS\SYSTEM32\DNSAPI.dll
0x00007ffabbbc0000 - 0x00007ffabbbca000 	C:\Users\farru\AppData\Local\Temp\jansi-1.17.1-9674695570015408426.dll
0x00007ffab98e0000 - 0x00007ffab98ea000 	C:\Users\farru\AppData\Local\Temp\jansi-1.17.1-6066412795544651026.dll

dbghelp: loaded successfully - version: 4.0.5 - missing functions: none
symbol engine: initialized successfully - sym options: 0x614 - pdb path: .;C:\Users\farru\.jdks\openjdk-16\bin;C:\WINDOWS\SYSTEM32;C:\WINDOWS\WinSxS\amd64_microsoft.windows.common-controls_6595b64144ccf1df_6.0.19041.844_none_ca00b6081b84eb1d;C:\Users\farru\.jdks\openjdk-16\bin\server;C:\Program Files\JetBrains\IntelliJ IDEA 2020.3.2\bin;C:\Users\farru\AppData\Local\Temp

VM Arguments:
jvm_args: -Dmaven.multiModuleProjectDirectory=D:\ITHS\IntelliJ Projects\Lab1 -Dmaven.home=C:\Program Files\JetBrains\IntelliJ IDEA 2020.3.2\plugins\maven\lib\maven3 -Dclassworlds.conf=C:\Program Files\JetBrains\IntelliJ IDEA 2020.3.2\plugins\maven\lib\maven3\bin\m2.conf -Dmaven.ext.class.path=C:\Program Files\JetBrains\IntelliJ IDEA 2020.3.2\plugins\maven\lib\maven-event-listener.jar -javaagent:C:\Program Files\JetBrains\IntelliJ IDEA 2020.3.2\lib\idea_rt.jar=57525:C:\Program Files\JetBrains\IntelliJ IDEA 2020.3.2\bin -Dfile.encoding=UTF-8 
java_command: org.codehaus.classworlds.Launcher -Didea.version=2021.1.1 clean
java_class_path (initial): C:\Program Files\JetBrains\IntelliJ IDEA 2020.3.2\plugins\maven\lib\maven3\boot\plexus-classworlds-2.6.0.jar;C:\Program Files\JetBrains\IntelliJ IDEA 2020.3.2\plugins\maven\lib\maven3\boot\plexus-classworlds.license
Launcher Type: SUN_STANDARD

[Global flags]
     intx CICompilerCount                          = 4                                         {product} {ergonomic}
     uint ConcGCThreads                            = 2                                         {product} {ergonomic}
     uint G1ConcRefinementThreads                  = 8                                         {product} {ergonomic}
   size_t G1HeapRegionSize                         = 2097152                                   {product} {ergonomic}
    uintx GCDrainStackTargetSize                   = 64                                        {product} {ergonomic}
   size_t InitialHeapSize                          = 268435456                                 {product} {ergonomic}
   size_t MarkStackSize                            = 4194304                                   {product} {ergonomic}
   size_t MaxHeapSize                              = 4265607168                                {product} {ergonomic}
   size_t MaxNewSize                               = 2558525440                                {product} {ergonomic}
   size_t MinHeapDeltaBytes                        = 2097152                                   {product} {ergonomic}
   size_t MinHeapSize                              = 8388608                                   {product} {ergonomic}
    uintx NonNMethodCodeHeapSize                   = 5839372                                {pd product} {ergonomic}
    uintx NonProfiledCodeHeapSize                  = 122909434                              {pd product} {ergonomic}
    uintx ProfiledCodeHeapSize                     = 122909434                              {pd product} {ergonomic}
    uintx ReservedCodeCacheSize                    = 251658240                              {pd product} {ergonomic}
     bool SegmentedCodeCache                       = true                                      {product} {ergonomic}
   size_t SoftMaxHeapSize                          = 4265607168                             {manageable} {ergonomic}
     bool UseCompressedClassPointers               = true                           {product lp64_product} {ergonomic}
     bool UseCompressedOops                        = true                           {product lp64_product} {ergonomic}
     bool UseG1GC                                  = true                                      {product} {ergonomic}
     bool UseLargePagesIndividualAllocation        = false                                  {pd product} {ergonomic}

Logging:
Log output configuration:
 #0: stdout all=warning uptime,level,tags
 #1: stderr all=off uptime,level,tags

Environment Variables:
JAVA_HOME=C:\Program Files\Java\jdk-15.0.2
PATH=C:\Program Files (x86)\Notepad++;C:\Program Files (x86)\Common Files\Oracle\Java\javapath;C:\Program Files\Common Files\Oracle\Java\javapath;C:\Program Files (x86)\Intel\iCLS Client\;C:\Program Files\Intel\iCLS Client\;C:\WINDOWS\system32;C:\WINDOWS;C:\WINDOWS\System32\Wbem;C:\WINDOWS\System32\WindowsPowerShell\v1.0\;C:\WINDOWS\System32\OpenSSH\;C:\Program Files\Intel\Intel(R) Management Engine Components\DAL;C:\Program Files\Intel\Intel(R) Management Engine Components\IPT;C:\Program Files (x86)\Intel\Intel(R) Management Engine Components\DAL;C:\Program Files (x86)\Intel\Intel(R) Management Engine Components\IPT;C:\Program Files\Git\cmd;C:\Program Files\Intel\WiFi\bin\;C:\Program Files\Common Files\Intel\WirelessCommon\;C:\Program Files\MySQL\MySQL Utilities 1.6\;C:\Program Files\Docker\Docker\resources\bin;C:\ProgramData\DockerDesktop\version-bin;C:\Program Files\Java\jdk-15.0.2\bin;C:\Users\farru\AppData\Local\Microsoft\WindowsApps;C:\Program Files\Java\jdk-15.0.2\bin;C:\Users\farru\AppData\Local\GitHubDesktop\bin;C:\opt\apache-maven-3.6.3\bin;C:\Users\farru\AppData\Local\Programs\Microsoft VS Code\bin;C:\Program Files\Intel\WiFi\bin\;C:\Program Files\Common Files\Intel\WirelessCommon\;C:\Program Files\JetBrains\DataGrip 2021.1\bin;;
USERNAME=farrukh
OS=Windows_NT
PROCESSOR_IDENTIFIER=Intel64 Family 6 Model 58 Stepping 9, GenuineIntel



---------------  S Y S T E M  ---------------

OS:
 Windows 10 , 64 bit Build 19041 (10.0.19041.928)
OS uptime: 9 days 23:17 hours
Hyper-V role detected

CPU: total 8 (initial active 8) (4 cores per cpu, 2 threads per core) family 6 model 58 stepping 9 microcode 0x21, cx8, cmov, fxsr, ht, mmx, sse, sse2, sse3, ssse3, sse4.1, sse4.2, popcnt, tsc, tscinvbit, avx, aes, erms, clmul, vzeroupper, clflush, hv

Memory: 4k page, system-wide physical 16269M (2100M free)
TotalPageFile size 22869M (AvailPageFile size 2M)
current process WorkingSet (physical memory assigned to process): 112M, peak: 114M
current process commit charge ("private bytes"): 380M, peak: 384M

vm_info: OpenJDK 64-Bit Server VM (16+36-2231) for windows-amd64 JRE (16+36-2231), built on Feb  8 2021 11:39:36 by "mach5one" with MS VC++ 16.7 (VS2019)

END.
